INFO:root:USER admin logged in at 2021-04-08 20:51:30.259736 

INFO:root:USER 1 signed out at 2021-04-08 20:51:32.423194 

INFO:root:USER admin logged in at 2021-04-08 20:51:35.311605 

INFO:root:USER 1 signed out at 2021-04-08 20:51:48.063554 

INFO:root:USER -1 signed out at 2021-04-08 20:51:53.993464 

INFO:root:USER -1 signed out at 2021-04-08 20:52:42.579552 

INFO:root:USER -1 signed out at 2021-04-08 20:58:27.051676 

INFO:root:USER -1 signed out at 2021-04-08 20:58:47.150426 

INFO:root:USER -1 signed out at 2021-04-08 21:00:10.690254 

INFO:root:USER -1 signed out at 2021-04-08 21:02:28.037003 

INFO:root:USER admin logged in at 2021-04-08 21:03:49.080635 

INFO:root:USER 1 signed out at 2021-04-08 21:03:52.137833 

INFO:root:USER adm registered at 2021-04-08 21:03:56.005429 

INFO:root:USER adm logged in at 2021-04-08 21:04:03.644021 

INFO:root:USER 8 signed out at 2021-04-08 21:04:05.366968 

INFO:root:USER -1 signed out at 2021-04-08 21:04:42.289061 

INFO:root:USER -1 signed out at 2021-04-08 21:05:28.425863 

INFO:root:USER admin registered at 2021-04-08 21:05:55.975148 

INFO:root:USER aboba registered at 2021-04-08 21:06:03.710416 

INFO:root:USER admin logged in at 2021-04-08 21:06:20.393871 

INFO:root:USER 1 signed out at 2021-04-08 21:06:31.554243 

INFO:root:USER admin logged in at 2021-04-08 21:07:52.622235 

INFO:root:USER rachelsanders registered at 2021-04-08 21:08:56.407554 

INFO:root:USER rachelsanders logged in at 2021-04-08 21:08:56.407554 

INFO:root:USER kelseyward registered at 2021-04-08 21:08:56.409560 

INFO:root:USER kelseyward logged in at 2021-04-08 21:08:56.409560 

INFO:root:USER jamie15 registered at 2021-04-08 21:08:56.410566 

INFO:root:USER jamie15 logged in at 2021-04-08 21:08:56.411569 

INFO:root:USER mark54 registered at 2021-04-08 21:08:56.412577 

INFO:root:USER mark54 logged in at 2021-04-08 21:08:56.413531 

INFO:root:USER paynecrystal registered at 2021-04-08 21:08:56.414520 

INFO:root:USER paynecrystal logged in at 2021-04-08 21:08:56.415520 

INFO:root:USER nataliewells registered at 2021-04-08 21:10:15.514598 

INFO:root:USER nataliewells logged in at 2021-04-08 21:10:15.514598 

INFO:root:USER stephen90 registered at 2021-04-08 21:10:15.516599 

INFO:root:USER stephen90 logged in at 2021-04-08 21:10:15.516599 

INFO:root:USER zhoward registered at 2021-04-08 21:10:15.518600 

INFO:root:USER zhoward logged in at 2021-04-08 21:10:15.518600 

INFO:root:USER nina67 registered at 2021-04-08 21:10:15.519599 

INFO:root:USER nina67 logged in at 2021-04-08 21:10:15.520598 

INFO:root:USER jennifermatthews registered at 2021-04-08 21:10:15.521613 

INFO:root:USER jennifermatthews logged in at 2021-04-08 21:10:15.521613 

INFO:root:USER david36 registered at 2021-04-08 21:10:27.280607 

INFO:root:USER david36 logged in at 2021-04-08 21:10:27.280607 

INFO:root:USER rarmstrong registered at 2021-04-08 21:10:27.282602 

INFO:root:USER rarmstrong logged in at 2021-04-08 21:10:27.282602 

INFO:root:USER buckleyjames registered at 2021-04-08 21:10:27.284600 

INFO:root:USER buckleyjames logged in at 2021-04-08 21:10:27.285599 

INFO:root:USER aforbes registered at 2021-04-08 21:10:27.286600 

INFO:root:USER aforbes logged in at 2021-04-08 21:10:27.287600 

INFO:root:USER hweaver registered at 2021-04-08 21:10:27.289602 

INFO:root:USER hweaver logged in at 2021-04-08 21:10:27.290602 

INFO:root:USER admin logged in at 2021-04-08 21:11:22.547449 

INFO:root:USER -1 signed out at 2021-04-09 13:59:37.310512 

INFO:root:USER admin logged in at 2021-04-09 13:59:51.140061 

INFO:root:USER 1 signed out at 2021-04-09 14:01:41.427590 

INFO:root:USER -1 signed out at 2021-04-09 14:01:42.930721 

INFO:root:USER -1 signed out at 2021-04-09 14:03:15.812284 

INFO:root:USER -1 signed out at 2021-04-09 14:04:02.587879 

INFO:root:USER -1 signed out at 2021-04-09 14:08:00.631953 

INFO:root:USER -1 signed out at 2021-04-09 14:11:06.083802 

INFO:root:USER admin logged in at 2021-04-09 14:13:02.536856 

INFO:root:USER 1 signed out at 2021-04-09 14:13:05.795038 

INFO:root:USER -1 signed out at 2021-04-09 14:13:06.700931 

INFO:root:USER kekw registered at 2021-04-09 14:13:20.125502 

INFO:root:USER kekw logged in at 2021-04-09 14:13:25.623779 

INFO:root:USER 18 signed out at 2021-04-09 14:13:51.064710 

INFO:root:USER admin logged in at 2021-04-09 14:13:53.761741 

INFO:root:USER aboba logged in at 2021-04-09 14:17:38.439346 

INFO:root:USER 2 signed out at 2021-04-09 14:17:53.778946 

INFO:root:USER admin logged in at 2021-04-09 14:17:56.176213 

INFO:root:USER 1 signed out at 2021-04-09 14:18:11.409682 

INFO:root:USER aboba logged in at 2021-04-09 14:18:16.315336 

INFO:root:USER -1 signed out at 2021-04-09 15:09:28.353347 

INFO:root:USER admin logged in at 2021-04-09 15:09:39.775980 

INFO:root:USER user1 registered at 2021-04-09 15:27:39.735640 

INFO:root:USER user1 logged in at 2021-04-09 15:28:58.346884 

INFO:root:USER user1 logged in at 2021-04-09 15:33:24.888349 

